[21:00:56:475] - [restartedMain] [INFO] - c.w.ourtask.OurTaskApplication - Starting OurTaskApplication on LAPTOP-QUCGL4QE with PID 11120 (D:\study\java\our-task\java\target\classes started by daxingyong in D:\study\java\our-task)
[21:00:56:481] - [restartedMain] [INFO] - c.w.ourtask.OurTaskApplication - The following profiles are active: dev
[21:00:56:549] - [restartedMain] [INFO] - o.s.b.d.e.DevToolsPropertyDefaultsPostProcessor - Devtools property defaults active! Set 'spring.devtools.add-properties' to 'false' to disable
[21:00:56:550] - [restartedMain] [INFO] - o.s.b.d.e.DevToolsPropertyDefaultsPostProcessor - For additional web related logging consider setting the 'logging.level.web' property to 'DEBUG'
[21:00:57:781] - [restartedMain] [INFO] - o.s.d.r.c.RepositoryConfigurationDelegate - Multiple Spring Data modules found, entering strict repository configuration mode!
[21:00:57:783] - [restartedMain] [INFO] - o.s.d.r.c.RepositoryConfigurationDelegate - Bootstrapping Spring Data Redis repositories in DEFAULT mode.
[21:00:57:817] - [restartedMain] [INFO] - o.s.d.r.c.RepositoryConfigurationDelegate - Finished Spring Data repository scanning in 21ms. Found 0 Redis repository interfaces.
[21:00:58:360] - [restartedMain] [INFO] - o.s.b.w.e.tomcat.TomcatWebServer - Tomcat initialized with port(s): 8888 (http)
[21:00:58:366] - [restartedMain] [INFO] - o.a.coyote.http11.Http11NioProtocol - Initializing ProtocolHandler ["http-nio-8888"]
[21:00:58:367] - [restartedMain] [INFO] - o.a.catalina.core.StandardService - Starting service [Tomcat]
[21:00:58:367] - [restartedMain] [INFO] - o.a.catalina.core.StandardEngine - Starting Servlet engine: [Apache Tomcat/9.0.36]
[21:00:58:368] - [restartedMain] [INFO] - o.a.c.core.AprLifecycleListener - Loaded Apache Tomcat Native library [1.2.23] using APR version [1.7.0].
[21:00:58:369] - [restartedMain] [INFO] - o.a.c.core.AprLifecycleListener - APR capabilities: IPv6 [true], sendfile [true], accept filters [false], random [true].
[21:00:58:369] - [restartedMain] [INFO] - o.a.c.core.AprLifecycleListener - APR/OpenSSL configuration: useAprConnector [false], useOpenSSL [true]
[21:00:58:372] - [restartedMain] [INFO] - o.a.c.core.AprLifecycleListener - OpenSSL successfully initialized [OpenSSL 1.1.1c  28 May 2019]
[21:00:58:459] - [restartedMain] [INFO] - o.a.c.c.C.[Tomcat].[localhost].[/] - Initializing Spring embedded WebApplicationContext
[21:00:58:460] - [restartedMain] [INFO] - o.s.b.w.s.c.ServletWebServerApplicationContext - Root WebApplicationContext: initialization completed in 1910 ms
[21:01:00:190] - [restartedMain] [INFO] - o.s.b.a.e.web.EndpointLinksResolver - Exposing 2 endpoint(s) beneath base path '/actuator'
[21:01:00:326] - [restartedMain] [INFO] - o.s.s.web.DefaultSecurityFilterChain - Creating filter chain: Ant [pattern='/css/**'], []
[21:01:00:327] - [restartedMain] [INFO] - o.s.s.web.DefaultSecurityFilterChain - Creating filter chain: Ant [pattern='/sign'], []
[21:01:00:327] - [restartedMain] [INFO] - o.s.s.web.DefaultSecurityFilterChain - Creating filter chain: Ant [pattern='/druid/**'], []
[21:01:00:352] - [restartedMain] [INFO] - o.s.s.web.DefaultSecurityFilterChain - Creating filter chain: any request, [org.springframework.security.web.context.request.async.WebAsyncManagerIntegrationFilter@6c5cae47, org.springframework.security.web.context.SecurityContextPersistenceFilter@4bc043ff, org.springframework.security.web.header.HeaderWriterFilter@19cf4181, org.springframework.security.web.authentication.logout.LogoutFilter@66e3afb0, com.water76016.ourtask.config.security.jwt.JwtAuthTokenFilter@64fe4bf3, org.springframework.security.web.savedrequest.RequestCacheAwareFilter@4a96dfd6, org.springframework.security.web.servletapi.SecurityContextHolderAwareRequestFilter@2f21a928, org.springframework.security.web.authentication.AnonymousAuthenticationFilter@2d02238, org.springframework.security.web.session.SessionManagementFilter@5422364e, org.springframework.security.web.access.ExceptionTranslationFilter@37770f19, org.springframework.security.web.access.intercept.FilterSecurityInterceptor@55240134]
[21:01:00:437] - [restartedMain] [INFO] - o.s.s.c.ThreadPoolTaskExecutor - Initializing ExecutorService 'applicationTaskExecutor'
[21:01:00:464] - [restartedMain] [INFO] - o.s.b.d.a.OptionalLiveReloadServer - LiveReload server is running on port 35729
[21:01:00:751] - [restartedMain] [INFO] - o.a.coyote.http11.Http11NioProtocol - Starting ProtocolHandler ["http-nio-8888"]
[21:01:00:770] - [restartedMain] [INFO] - o.s.b.w.e.tomcat.TomcatWebServer - Tomcat started on port(s): 8888 (http) with context path ''
[21:01:01:021] - [restartedMain] [INFO] - c.w.ourtask.OurTaskApplication - Started OurTaskApplication in 5.069 seconds (JVM running for 6.198)
[21:01:01:738] - [RMI TCP Connection(1)-172.17.64.1] [INFO] - o.a.c.c.C.[Tomcat].[localhost].[/] - Initializing Spring DispatcherServlet 'dispatcherServlet'
[21:01:01:738] - [RMI TCP Connection(1)-172.17.64.1] [INFO] - o.s.web.servlet.DispatcherServlet - Initializing Servlet 'dispatcherServlet'
[21:01:01:743] - [RMI TCP Connection(1)-172.17.64.1] [INFO] - o.s.web.servlet.DispatcherServlet - Completed initialization in 5 ms
[21:01:02:496] - [RMI TCP Connection(2)-172.17.64.1] [INFO] - c.alibaba.druid.pool.DruidDataSource - {dataSource-1} inited
